<?xml version="1.0" encoding="UTF-8"?>
<!-- Generated by org.testng.reporters.JUnitReportReporter -->
<testsuite skipped="0" hostname="360NDCLP083" name="net.marklogic.testScripts.QueryConsoleTest" tests="1" failures="0" timestamp="15 Jul 2019 16:31:32 GMT" time="44.137" errors="0">
  <testcase name="queryConsoleAutomationFlow" time="44.137" classname="net.marklogic.testScripts.QueryConsoleTest"/>
</testsuite> <!-- net.marklogic.testScripts.QueryConsoleTest -->
