<?xml version="1.0" encoding="UTF-8"?>
<!-- Generated by org.testng.reporters.JUnitReportReporter -->
<testsuite skipped="0" hostname="360NDCLP083" name="com.vin.testscripts.ValidLoginToVin" tests="2" failures="0" timestamp="18 Apr 2019 06:17:13 GMT" time="220.461" errors="0">
  <testcase name="validLoginToVin" time="75.428" classname="com.vin.testscripts.ValidLoginToVin"/>
  <testcase name="validLoginToVin" time="145.033" classname="com.vin.testscripts.ValidLoginToVin"/>
</testsuite> <!-- com.vin.testscripts.ValidLoginToVin -->
