<?xml version="1.0" encoding="UTF-8"?>
<!-- Generated by org.testng.reporters.JUnitReportReporter -->
<testsuite skipped="0" hostname="360NDCLP083" name="net.marklogic.testScripts.IndexTest" tests="1" failures="0" timestamp="17 Jul 2019 18:23:59 GMT" time="47.020" errors="0">
  <testcase name="verifyIndexPage" time="47.020" classname="net.marklogic.testScripts.IndexTest"/>
</testsuite> <!-- net.marklogic.testScripts.IndexTest -->
