<?xml version="1.0" encoding="UTF-8"?>
<!-- Generated by org.testng.reporters.JUnitReportReporter -->
<testsuite skipped="0" hostname="360NDCLP083" name="net.marklogic.testScripts.AdminTest" tests="1" failures="0" timestamp="17 Jul 2019 18:23:59 GMT" time="45.545" errors="0">
  <testcase name="verifyAdminPage" time="45.545" classname="net.marklogic.testScripts.AdminTest"/>
</testsuite> <!-- net.marklogic.testScripts.AdminTest -->
