<?xml version="1.0" encoding="UTF-8"?>
<!-- Generated by org.testng.reporters.JUnitReportReporter -->
<testsuite skipped="0" hostname="360NDCLP140" name="com.vin.testscripts.test" tests="1" failures="0" timestamp="22 Feb 2019 05:52:42 GMT" time="33.324" errors="0">
  <testcase name="CNTC_31_loginSuccessful" time="33.324" classname="com.vin.testscripts.test"/>
</testsuite> <!-- com.vin.testscripts.test -->
