<?xml version="1.0" encoding="UTF-8"?>
<!-- Generated by org.testng.reporters.JUnitReportReporter -->
<testsuite skipped="0" hostname="360NDCLP083" name="net.marklogic.testScripts.IndexTest" tests="1" failures="0" timestamp="15 Jul 2019 13:15:09 GMT" time="30.936" errors="0">
  <testcase name="verifyIndexPage" time="30.936" classname="net.marklogic.testScripts.IndexTest"/>
</testsuite> <!-- net.marklogic.testScripts.IndexTest -->
