<?xml version="1.0" encoding="UTF-8"?>
<!-- Generated by org.testng.reporters.JUnitReportReporter -->
<testsuite skipped="0" hostname="360NDCLP083" name="net.marklogic.testScripts.QueryConsoleTest" tests="1" failures="0" timestamp="17 Jul 2019 18:23:59 GMT" time="157.276" errors="0">
  <testcase name="queryConsoleAutomationFlow" time="157.276" classname="net.marklogic.testScripts.QueryConsoleTest"/>
</testsuite> <!-- net.marklogic.testScripts.QueryConsoleTest -->
